<?xml version="1.0" encoding="UTF-8"?>
<!-- Generated by org.testng.reporters.JUnitXMLReporter -->
<testsuite ignored="9" hostname="Thirosh" failures="0" tests="1" name="Default test" time="29.777" errors="0" timestamp="2024-07-04T22:23:00 IST">
  <testcase classname="com.dlad.qa.testcases.LeadList" name="verifyTheCreateNewLeadWithValidData" time="3.548"/>
  <testcase classname="com.dlad.qa.testcases.LeadList" name="verifyTheCreateNewLeadFormOpen" time="0.0">
    <ignored/>
  </testcase> <!-- verifyTheCreateNewLeadFormOpen -->
  <testcase classname="com.dlad.qa.testcases.LeadList" name="verifyTheLeadMemberetailsView" time="0.0">
    <ignored/>
  </testcase> <!-- verifyTheLeadMemberetailsView -->
  <testcase classname="com.dlad.qa.testcases.LeadList" name="verifyTheUserRedirectsToTheLeadListPage" time="0.0">
    <ignored/>
  </testcase> <!-- verifyTheUserRedirectsToTheLeadListPage -->
  <testcase classname="com.dlad.qa.testcases.LeadList" name="verifyTheCreatedLeadMemberDisplayOnLeadsTable" time="0.0">
    <ignored/>
  </testcase> <!-- verifyTheCreatedLeadMemberDisplayOnLeadsTable -->
  <testcase classname="com.dlad.qa.testcases.LeadList" name="verifyTheCreateNewLeadFormCloseIcon" time="0.0">
    <ignored/>
  </testcase> <!-- verifyTheCreateNewLeadFormCloseIcon -->
  <testcase classname="com.dlad.qa.testcases.LeadList" name="verifyTheCreateNewLeadWithoutProvidingAnyFields" time="0.0">
    <ignored/>
  </testcase> <!-- verifyTheCreateNewLeadWithoutProvidingAnyFields -->
  <testcase classname="com.dlad.qa.testcases.LeadList" name="verifyTheAddingEmailAddressForLeadsTable" time="0.0">
    <ignored/>
  </testcase> <!-- verifyTheAddingEmailAddressForLeadsTable -->
  <testcase classname="com.dlad.qa.testcases.LeadList" name="cancellButtonNewLeadForm" time="0.0">
    <ignored/>
  </testcase> <!-- cancellButtonNewLeadForm -->
  <testcase classname="com.dlad.qa.testcases.LeadList" name="verifyTheClickOnCreateButtonWithWithoutFillingData" time="0.0">
    <ignored/>
  </testcase> <!-- verifyTheClickOnCreateButtonWithWithoutFillingData -->
</testsuite> <!-- Default test -->
