<?xml version="1.0" encoding="UTF-8"?>
<!-- Generated by org.testng.reporters.JUnitXMLReporter -->
<testsuite ignored="2" hostname="Thirosh" failures="0" tests="1" name="Default test" time="13.093" errors="0" timestamp="2024-06-17T10:12:34 IST">
  <testcase classname="com.dlad.qa.testcases.LeadActivityList" name="verifyTheUserRedirectsToTheLeadActivityListPage" time="0.12"/>
  <testcase classname="com.dlad.qa.testcases.LeadActivityList" name="verifyTheCreatenewLeadActivityListFormOpen" time="0.0">
    <ignored/>
  </testcase> <!-- verifyTheCreatenewLeadActivityListFormOpen -->
  <testcase classname="com.dlad.qa.testcases.LeadActivityList" name="verifyCreateNewActivityLeadsCloseButton" time="0.0">
    <ignored/>
  </testcase> <!-- verifyCreateNewActivityLeadsCloseButton -->
</testsuite> <!-- Default test -->
