<?xml version="1.0" encoding="UTF-8"?>
<!-- Generated by org.testng.reporters.JUnitXMLReporter -->
<testsuite ignored="0" hostname="Thirosh" failures="1" tests="18" name="TestSuit" time="229.319" errors="0" timestamp="2024-06-17T10:05:43 IST">
  <testcase classname="com.dlad.qa.testcases.Home" name="verifyUserRedirectsToTheHomePage" time="0.121"/>
  <testcase classname="com.dlad.qa.testcases.Home" name="verifyDisplayTheHomePageCardNames" time="0.18"/>
  <testcase classname="com.dlad.qa.testcases.Home" name="verifyDisplayTheHomePageCardCounts" time="0.744"/>
  <testcase classname="com.dlad.qa.testcases.LeadActivitiesOverview" name="verifyTheUserRedirectsToTheActivityOverviewPage" time="0.048"/>
  <testcase classname="com.dlad.qa.testcases.LeadActivitiesOverview" name="verifyDisplayTheLeadAcivityOverviewPageCardNames" time="0.34"/>
  <testcase classname="com.dlad.qa.testcases.LeadActivitiesOverview" name="verifyDisplayTheLeadActivityOverviewPageCardCount" time="1.104"/>
  <testcase classname="com.dlad.qa.testcases.LeadActivityList" name="verifyTheUserRedirectsToTheLeadActivityListPage" time="10.168">
    <failure type="org.openqa.selenium.NoSuchElementException" message="no such element: Unable to locate element: {&amp;quot;method&amp;quot;:&amp;quot;xpath&amp;quot;,&amp;quot;selector&amp;quot;:&amp;quot;//div[@class=&amp;apos;flex gap-3 items-center&amp;apos;]/h1[contains(text(),&amp;apos;Lead Activities&amp;apos;)]//div[@class=&amp;apos;flex gap-3 items-center&amp;apos;]/h1&amp;quot;}
  (Session info: chrome=126.0.6478.62)
For documentation on this error, please visit: https://www.selenium.dev/documentation/webdriver/troubleshooting/errors#no-such-element-exception
Build info: version: &amp;apos;4.20.0&amp;apos;, revision: &amp;apos;866c76ca80&amp;apos;
System info: os.name: &amp;apos;Windows 11&amp;apos;, os.arch: &amp;apos;amd64&amp;apos;, os.version: &amp;apos;10.0&amp;apos;, java.version: &amp;apos;17.0.2&amp;apos;
Driver info: org.openqa.selenium.chrome.ChromeDriver
Command: [fa1d2da9fbd7466db5ba75906272beab, findElement {value=//div[@class=&amp;apos;flex gap-3 items-center&amp;apos;]/h1[contains(text(),&amp;apos;Lead Activities&amp;apos;)]//div[@class=&amp;apos;flex gap-3 items-center&amp;apos;]/h1, using=xpath}]
Capabilities {acceptInsecureCerts: false, browserName: chrome, browserVersion: 126.0.6478.62, chrome: {chromedriverVersion: 126.0.6478.61 (8dc092df54ce..., userDataDir: C:\Users\gggam\AppData\Loca...}, fedcm:accounts: true, goog:chromeOptions: {debuggerAddress: localhost:3834}, networkConnectionEnabled: false, pageLoadStrategy: normal, platformName: windows, proxy: Proxy(), se:cdp: ws://localhost:3834/devtool..., se:cdpVersion: 126.0.6478.62, setWindowRect: true, strictFileInteractability: false, timeouts: {implicit: 0, pageLoad: 300000, script: 30000}, unhandledPromptBehavior: dismiss and notify, webauthn:extension:credBlob: true, webauthn:extension:largeBlob: true, webauthn:extension:minPinLength: true, webauthn:extension:prf: true, webauthn:virtualAuthenticators: true}
Session ID: fa1d2da9fbd7466db5ba75906272beab">
      <![CDATA[org.openqa.selenium.NoSuchElementException: no such element: Unable to locate element: {"method":"xpath","selector":"//div[@class='flex gap-3 items-center']/h1[contains(text(),'Lead Activities')]//div[@class='flex gap-3 items-center']/h1"}
  (Session info: chrome=126.0.6478.62)
For documentation on this error, please visit: https://www.selenium.dev/documentation/webdriver/troubleshooting/errors#no-such-element-exception
Build info: version: '4.20.0', revision: '866c76ca80'
System info: os.name: 'Windows 11', os.arch: 'amd64', os.version: '10.0', java.version: '17.0.2'
Driver info: org.openqa.selenium.chrome.ChromeDriver
Command: [fa1d2da9fbd7466db5ba75906272beab, findElement {value=//div[@class='flex gap-3 items-center']/h1[contains(text(),'Lead Activities')]//div[@class='flex gap-3 items-center']/h1, using=xpath}]
Capabilities {acceptInsecureCerts: false, browserName: chrome, browserVersion: 126.0.6478.62, chrome: {chromedriverVersion: 126.0.6478.61 (8dc092df54ce..., userDataDir: C:\Users\gggam\AppData\Loca...}, fedcm:accounts: true, goog:chromeOptions: {debuggerAddress: localhost:3834}, networkConnectionEnabled: false, pageLoadStrategy: normal, platformName: windows, proxy: Proxy(), se:cdp: ws://localhost:3834/devtool..., se:cdpVersion: 126.0.6478.62, setWindowRect: true, strictFileInteractability: false, timeouts: {implicit: 0, pageLoad: 300000, script: 30000}, unhandledPromptBehavior: dismiss and notify, webauthn:extension:credBlob: true, webauthn:extension:largeBlob: true, webauthn:extension:minPinLength: true, webauthn:extension:prf: true, webauthn:virtualAuthenticators: true}
Session ID: fa1d2da9fbd7466db5ba75906272beab
at org.openqa.selenium.remote.ErrorCodec.decode(ErrorCodec.java:167)
at org.openqa.selenium.remote.codec.w3c.W3CHttpResponseCodec.decode(W3CHttpResponseCodec.java:138)
at org.openqa.selenium.remote.codec.w3c.W3CHttpResponseCodec.decode(W3CHttpResponseCodec.java:50)
at org.openqa.selenium.remote.HttpCommandExecutor.execute(HttpCommandExecutor.java:190)
at org.openqa.selenium.remote.service.DriverCommandExecutor.invokeExecute(DriverCommandExecutor.java:216)
at org.openqa.selenium.remote.service.DriverCommandExecutor.execute(DriverCommandExecutor.java:174)
at org.openqa.selenium.remote.RemoteWebDriver.execute(RemoteWebDriver.java:518)
at org.openqa.selenium.remote.ElementLocation$ElementFinder$2.findElement(ElementLocation.java:165)
at org.openqa.selenium.remote.ElementLocation.findElement(ElementLocation.java:59)
at org.openqa.selenium.remote.RemoteWebDriver.findElement(RemoteWebDriver.java:355)
at org.openqa.selenium.remote.RemoteWebDriver.findElement(RemoteWebDriver.java:349)
at com.dlad.qa.testcases.LeadActivityList.verifyTheUserRedirectsToTheLeadActivityListPage(LeadActivityList.java:48)
at java.base/java.util.ArrayList.forEach(ArrayList.java:1511)
... Removed 32 stack frames]]>
    </failure>
  </testcase> <!-- verifyTheUserRedirectsToTheLeadActivityListPage -->
  <testcase classname="com.dlad.qa.testcases.LeadActivityList" name="verifyTheCreatenewLeadActivityListFormOpen" time="0.487"/>
  <testcase classname="com.dlad.qa.testcases.LeadActivityList" name="verifyCreateNewActivityLeadsCloseButton" time="0.486"/>
  <testcase classname="com.dlad.qa.testcases.LeadOverview" name="verifyTheUserRedirectsToTheLeadOverviewPage" time="0.059"/>
  <testcase classname="com.dlad.qa.testcases.LeadOverview" name="verifyDisplayTheLeadOverviewPageCardNames" time="0.341"/>
  <testcase classname="com.dlad.qa.testcases.LeadOverview" name="verifyDisplayTheLeadOverviewPageCardCount" time="0.698"/>
  <testcase classname="com.dlad.qa.testcases.LeadList" name="verifyTheUserRedirectsToTheLeadListPage" time="0.079"/>
  <testcase classname="com.dlad.qa.testcases.LeadList" name="verifyTheCreateNewLeadFormOpen" time="0.308"/>
  <testcase classname="com.dlad.qa.testcases.LeadList" name="verifyTheCreateNewLeadFormCloseIcon" time="0.432"/>
  <testcase classname="com.dlad.qa.testcases.LeadList" name="verifyTheCreateNewLeadWithValidData" time="4.033"/>
  <testcase classname="com.dlad.qa.testcases.LeadList" name="verifyTheClickOnCreateButtonWithWithoutFillingData" time="0.442"/>
  <testcase classname="com.dlad.qa.testcases.LeadList" name="cancellButtonNewLeadForm" time="0.271"/>
</testsuite> <!-- TestSuit -->
