<?xml version="1.0" encoding="UTF-8"?>
<!-- Generated by org.testng.reporters.JUnitXMLReporter -->
<testsuite ignored="0" hostname="Thirosh" failures="0" tests="3" name="DLAD QA Testing" time="44.426" errors="0" timestamp="2024-07-14T15:47:49 IST">
  <testcase classname="com.dlad.qa.testcases.Home" name="verifyUserRedirectsToTheHomePage" time="0.136"/>
  <testcase classname="com.dlad.qa.testcases.Home" name="verifyDisplayTheHomePageCardNames" time="0.199"/>
  <testcase classname="com.dlad.qa.testcases.Home" name="verifyDisplayTheHomePageCardCounts" time="0.56"/>
</testsuite> <!-- DLAD QA Testing -->
