<?xml version="1.0" encoding="UTF-8"?>
<!-- Generated by org.testng.reporters.JUnitXMLReporter -->
<testsuite ignored="0" hostname="Thirosh" failures="0" tests="20" name="DLAD QA Testing" time="166.779" errors="0" timestamp="2024-07-21T10:31:25 IST">
  <testcase classname="com.dlad.qa.testcases.CRMBrokenLinksTest" name="verifyTheBrokenLinks" time="4.813"/>
  <testcase classname="com.dlad.qa.testcases.LoginTest" name="verifyLoginWithValidCredentials" time="3.936"/>
  <testcase classname="com.dlad.qa.testcases.LoginTest" name="verifyloginWithInvalidCredentials" time="0.002"/>
  <testcase classname="com.dlad.qa.testcases.LoginTest" name="verifyloginWithInvalidEmailAndValidPassword" time="0.002"/>
  <testcase classname="com.dlad.qa.testcases.LoginTest" name="verifyloginWithValidEmailAndInValidPassword" time="0.001"/>
  <testcase classname="com.dlad.qa.testcases.LoginTest" name="verifyloginWithoutProvidingCredencials" time="0.001"/>
  <testcase classname="com.dlad.qa.testcases.HomeTest" name="verifyUserRedirectsToTheHomePage" time="0.089"/>
  <testcase classname="com.dlad.qa.testcases.HomeTest" name="verifyDisplayTheHomePageCardNames" time="0.146"/>
  <testcase classname="com.dlad.qa.testcases.HomeTest" name="verifyDisplayTheHomePageCardCounts" time="0.38"/>
  <testcase classname="com.dlad.qa.testcases.HomeTest" name="verifyHomePageNavigationLinks" time="1.557"/>
  <testcase classname="com.dlad.qa.testcases.HomeTest" name="verifyHomePageNavigationToupleCardIconsAndLabelDisplayed" time="0.386"/>
  <testcase classname="com.dlad.qa.testcases.LeadListTest" name="verifyTheUserRedirectsToTheLeadListPage" time="0.054"/>
  <testcase classname="com.dlad.qa.testcases.LeadListTest" name="verifyTheCreateNewLeadFormOpen" time="0.308"/>
  <testcase classname="com.dlad.qa.testcases.LeadListTest" name="verifyTheCreateNewLeadFormCloseIcon" time="0.61"/>
  <testcase classname="com.dlad.qa.testcases.LeadListTest" name="verifyTheCreateNewLeadWithValidData" time="5.432"/>
  <testcase classname="com.dlad.qa.testcases.LeadListTest" name="verifyTheCreateNewLeadWithoutProvidingAnyFields" time="0.514"/>
  <testcase classname="com.dlad.qa.testcases.LeadListTest" name="verifyTheFillAllRequiredLeadMemberDetailsFields" time="2.202"/>
  <testcase classname="com.dlad.qa.testcases.LeadListTest" name="verifyTheCreatedLeadMemberDisplayOnLeadsTable" time="2.772"/>
  <testcase classname="com.dlad.qa.testcases.LeadListTest" name="verifyTheNewlyCreatedLeadStatusAndRatingDisplayedOnTheLeadTableView" time="5.941"/>
  <testcase classname="com.dlad.qa.testcases.LeadListTest" name="cancellButtonNewLeadForm" time="0.493"/>
</testsuite> <!-- DLAD QA Testing -->
