<?xml version="1.0" encoding="UTF-8"?>
<testng-results ignored="0" total="1" passed="1" failed="0" skipped="0">
  <reporter-output>
  </reporter-output>
  <suite started-at="2024-06-03T09:43:11 IST" name="Default suite" finished-at="2024-06-03T09:43:32 IST" duration-ms="20934">
    <groups>
    </groups>
    <test started-at="2024-06-03T09:43:11 IST" name="Default test" finished-at="2024-06-03T09:43:32 IST" duration-ms="20934">
      <class name="com.dlad.qa.testcases.LeadList">
        <test-method is-config="true" signature="beforeMethod()[pri:0, instance:com.dlad.qa.testcases.LeadList@52c3cb31]" started-at="2024-06-03T09:43:11 IST" name="beforeMethod" finished-at="2024-06-03T09:43:25 IST" duration-ms="13305" status="PASS">
          <reporter-output>
          </reporter-output>
        </test-method> <!-- beforeMethod -->
        <test-method signature="verifyTheClickOnCreateButtonWithWithoutFillingData()[pri:4, instance:com.dlad.qa.testcases.LeadList@52c3cb31]" started-at="2024-06-03T09:43:25 IST" name="verifyTheClickOnCreateButtonWithWithoutFillingData" finished-at="2024-06-03T09:43:25 IST" duration-ms="327" status="PASS">
          <reporter-output>
          </reporter-output>
        </test-method> <!-- verifyTheClickOnCreateButtonWithWithoutFillingData -->
        <test-method is-config="true" signature="afterMethod()[pri:0, instance:com.dlad.qa.testcases.LeadList@52c3cb31]" started-at="2024-06-03T09:43:25 IST" name="afterMethod" finished-at="2024-06-03T09:43:32 IST" duration-ms="7230" status="PASS">
          <reporter-output>
          </reporter-output>
        </test-method> <!-- afterMethod -->
      </class> <!-- com.dlad.qa.testcases.LeadList -->
    </test> <!-- Default test -->
  </suite> <!-- Default suite -->
</testng-results>
