<?xml version="1.0" encoding="UTF-8"?>
<testng-results ignored="0" total="1" passed="1" failed="0" skipped="0">
  <reporter-output>
  </reporter-output>
  <suite started-at="2024-07-18T10:45:48 IST" name="Default suite" finished-at="2024-07-18T10:46:31 IST" duration-ms="42483">
    <groups>
    </groups>
    <test started-at="2024-07-18T10:45:48 IST" name="Default test" finished-at="2024-07-18T10:46:31 IST" duration-ms="42483">
      <class name="com.dlad.qa.testcases.HomeTest">
        <test-method is-config="true" signature="beforeMethod()[pri:0, instance:com.dlad.qa.testcases.HomeTest@6eb2384f]" started-at="2024-07-18T10:45:48 IST" name="beforeMethod" finished-at="2024-07-18T10:46:27 IST" duration-ms="38320" status="PASS">
          <reporter-output>
          </reporter-output>
        </test-method> <!-- beforeMethod -->
        <test-method signature="verifyHomePageNavigationToupleCardIconsAndLabelDisplayed()[pri:5, instance:com.dlad.qa.testcases.HomeTest@6eb2384f]" started-at="2024-07-18T10:46:27 IST" name="verifyHomePageNavigationToupleCardIconsAndLabelDisplayed" finished-at="2024-07-18T10:46:27 IST" duration-ms="519" status="PASS">
          <reporter-output>
          </reporter-output>
        </test-method> <!-- verifyHomePageNavigationToupleCardIconsAndLabelDisplayed -->
        <test-method is-config="true" signature="afterMethod()[pri:0, instance:com.dlad.qa.testcases.HomeTest@6eb2384f]" started-at="2024-07-18T10:46:27 IST" name="afterMethod" finished-at="2024-07-18T10:46:31 IST" duration-ms="3463" status="PASS">
          <reporter-output>
          </reporter-output>
        </test-method> <!-- afterMethod -->
      </class> <!-- com.dlad.qa.testcases.HomeTest -->
    </test> <!-- Default test -->
  </suite> <!-- Default suite -->
</testng-results>
